d:\descargas\control_inventario_implementos\control_inventario_implementos\control_inventario_implementos\x64\debug\control_inventario_implementos.pch
d:\descargas\control_inventario_implementos\control_inventario_implementos\control_inventario_implementos\x64\debug\vc143.pdb
d:\descargas\control_inventario_implementos\control_inventario_implementos\control_inventario_implementos\x64\debug\pch.obj
d:\descargas\control_inventario_implementos\control_inventario_implementos\control_inventario_implementos\x64\debug\myform.obj
d:\descargas\control_inventario_implementos\control_inventario_implementos\control_inventario_implementos\x64\debug\form_cambio_datos.obj
d:\descargas\control_inventario_implementos\control_inventario_implementos\control_inventario_implementos\x64\debug\form1.obj
d:\descargas\control_inventario_implementos\control_inventario_implementos\control_inventario_implementos\x64\debug\cppclr_winformsproject.obj
d:\descargas\control_inventario_implementos\control_inventario_implementos\control_inventario_implementos\x64\debug\assemblyinfo.obj
d:\descargas\control_inventario_implementos\control_inventario_implementos\control_inventario_implementos\x64\debug\.netframework,version=v4.7.2.assemblyattributes.obj
d:\descargas\control_inventario_implementos\control_inventario_implementos\control_inventario_implementos\x64\debug\app.res
d:\descargas\control_inventario_implementos\control_inventario_implementos\x64\debug\control_inventario_implementos.exe
d:\descargas\control_inventario_implementos\control_inventario_implementos\x64\debug\control_inventario_implementos.pdb
d:\descargas\control_inventario_implementos\control_inventario_implementos\control_inventario_implementos\x64\debug\control_.8808909c.tlog\cl.command.1.tlog
d:\descargas\control_inventario_implementos\control_inventario_implementos\control_inventario_implementos\x64\debug\control_.8808909c.tlog\cl.items.tlog
d:\descargas\control_inventario_implementos\control_inventario_implementos\control_inventario_implementos\x64\debug\control_.8808909c.tlog\cl.read.1.tlog
d:\descargas\control_inventario_implementos\control_inventario_implementos\control_inventario_implementos\x64\debug\control_.8808909c.tlog\cl.write.1.tlog
d:\descargas\control_inventario_implementos\control_inventario_implementos\control_inventario_implementos\x64\debug\control_.8808909c.tlog\link.11224-cvtres.read.1.tlog
d:\descargas\control_inventario_implementos\control_inventario_implementos\control_inventario_implementos\x64\debug\control_.8808909c.tlog\link.11224-cvtres.write.1.tlog
d:\descargas\control_inventario_implementos\control_inventario_implementos\control_inventario_implementos\x64\debug\control_.8808909c.tlog\link.11224-rc.read.1.tlog
d:\descargas\control_inventario_implementos\control_inventario_implementos\control_inventario_implementos\x64\debug\control_.8808909c.tlog\link.11224-rc.write.1.tlog
d:\descargas\control_inventario_implementos\control_inventario_implementos\control_inventario_implementos\x64\debug\control_.8808909c.tlog\link.11224.read.1.tlog
d:\descargas\control_inventario_implementos\control_inventario_implementos\control_inventario_implementos\x64\debug\control_.8808909c.tlog\link.11224.read.2.tlog
d:\descargas\control_inventario_implementos\control_inventario_implementos\control_inventario_implementos\x64\debug\control_.8808909c.tlog\link.11224.write.1.tlog
d:\descargas\control_inventario_implementos\control_inventario_implementos\control_inventario_implementos\x64\debug\control_.8808909c.tlog\link.12980-cvtres.read.1.tlog
d:\descargas\control_inventario_implementos\control_inventario_implementos\control_inventario_implementos\x64\debug\control_.8808909c.tlog\link.12980-cvtres.write.1.tlog
d:\descargas\control_inventario_implementos\control_inventario_implementos\control_inventario_implementos\x64\debug\control_.8808909c.tlog\link.12980-rc.read.1.tlog
d:\descargas\control_inventario_implementos\control_inventario_implementos\control_inventario_implementos\x64\debug\control_.8808909c.tlog\link.12980-rc.write.1.tlog
d:\descargas\control_inventario_implementos\control_inventario_implementos\control_inventario_implementos\x64\debug\control_.8808909c.tlog\link.12980.read.1.tlog
d:\descargas\control_inventario_implementos\control_inventario_implementos\control_inventario_implementos\x64\debug\control_.8808909c.tlog\link.12980.read.2.tlog
d:\descargas\control_inventario_implementos\control_inventario_implementos\control_inventario_implementos\x64\debug\control_.8808909c.tlog\link.12980.write.1.tlog
d:\descargas\control_inventario_implementos\control_inventario_implementos\control_inventario_implementos\x64\debug\control_.8808909c.tlog\link.17124-cvtres.read.1.tlog
d:\descargas\control_inventario_implementos\control_inventario_implementos\control_inventario_implementos\x64\debug\control_.8808909c.tlog\link.17124-cvtres.write.1.tlog
d:\descargas\control_inventario_implementos\control_inventario_implementos\control_inventario_implementos\x64\debug\control_.8808909c.tlog\link.17124-rc.read.1.tlog
d:\descargas\control_inventario_implementos\control_inventario_implementos\control_inventario_implementos\x64\debug\control_.8808909c.tlog\link.17124-rc.write.1.tlog
d:\descargas\control_inventario_implementos\control_inventario_implementos\control_inventario_implementos\x64\debug\control_.8808909c.tlog\link.17124.read.1.tlog
d:\descargas\control_inventario_implementos\control_inventario_implementos\control_inventario_implementos\x64\debug\control_.8808909c.tlog\link.17124.read.2.tlog
d:\descargas\control_inventario_implementos\control_inventario_implementos\control_inventario_implementos\x64\debug\control_.8808909c.tlog\link.17124.write.1.tlog
d:\descargas\control_inventario_implementos\control_inventario_implementos\control_inventario_implementos\x64\debug\control_.8808909c.tlog\link.17892-cvtres.read.1.tlog
d:\descargas\control_inventario_implementos\control_inventario_implementos\control_inventario_implementos\x64\debug\control_.8808909c.tlog\link.17892-cvtres.write.1.tlog
d:\descargas\control_inventario_implementos\control_inventario_implementos\control_inventario_implementos\x64\debug\control_.8808909c.tlog\link.17892-rc.read.1.tlog
d:\descargas\control_inventario_implementos\control_inventario_implementos\control_inventario_implementos\x64\debug\control_.8808909c.tlog\link.17892-rc.write.1.tlog
d:\descargas\control_inventario_implementos\control_inventario_implementos\control_inventario_implementos\x64\debug\control_.8808909c.tlog\link.17892.read.1.tlog
d:\descargas\control_inventario_implementos\control_inventario_implementos\control_inventario_implementos\x64\debug\control_.8808909c.tlog\link.17892.read.2.tlog
d:\descargas\control_inventario_implementos\control_inventario_implementos\control_inventario_implementos\x64\debug\control_.8808909c.tlog\link.17892.write.1.tlog
d:\descargas\control_inventario_implementos\control_inventario_implementos\control_inventario_implementos\x64\debug\control_.8808909c.tlog\link.18104-cvtres.read.1.tlog
d:\descargas\control_inventario_implementos\control_inventario_implementos\control_inventario_implementos\x64\debug\control_.8808909c.tlog\link.18104-cvtres.write.1.tlog
d:\descargas\control_inventario_implementos\control_inventario_implementos\control_inventario_implementos\x64\debug\control_.8808909c.tlog\link.18104-rc.read.1.tlog
d:\descargas\control_inventario_implementos\control_inventario_implementos\control_inventario_implementos\x64\debug\control_.8808909c.tlog\link.18104-rc.write.1.tlog
d:\descargas\control_inventario_implementos\control_inventario_implementos\control_inventario_implementos\x64\debug\control_.8808909c.tlog\link.18104.read.1.tlog
d:\descargas\control_inventario_implementos\control_inventario_implementos\control_inventario_implementos\x64\debug\control_.8808909c.tlog\link.18104.read.2.tlog
d:\descargas\control_inventario_implementos\control_inventario_implementos\control_inventario_implementos\x64\debug\control_.8808909c.tlog\link.18104.write.1.tlog
d:\descargas\control_inventario_implementos\control_inventario_implementos\control_inventario_implementos\x64\debug\control_.8808909c.tlog\link.1940-cvtres.read.1.tlog
d:\descargas\control_inventario_implementos\control_inventario_implementos\control_inventario_implementos\x64\debug\control_.8808909c.tlog\link.1940-cvtres.write.1.tlog
d:\descargas\control_inventario_implementos\control_inventario_implementos\control_inventario_implementos\x64\debug\control_.8808909c.tlog\link.1940-rc.read.1.tlog
d:\descargas\control_inventario_implementos\control_inventario_implementos\control_inventario_implementos\x64\debug\control_.8808909c.tlog\link.1940-rc.write.1.tlog
d:\descargas\control_inventario_implementos\control_inventario_implementos\control_inventario_implementos\x64\debug\control_.8808909c.tlog\link.1940.read.1.tlog
d:\descargas\control_inventario_implementos\control_inventario_implementos\control_inventario_implementos\x64\debug\control_.8808909c.tlog\link.1940.read.2.tlog
d:\descargas\control_inventario_implementos\control_inventario_implementos\control_inventario_implementos\x64\debug\control_.8808909c.tlog\link.1940.write.1.tlog
d:\descargas\control_inventario_implementos\control_inventario_implementos\control_inventario_implementos\x64\debug\control_.8808909c.tlog\link.5924-cvtres.read.1.tlog
d:\descargas\control_inventario_implementos\control_inventario_implementos\control_inventario_implementos\x64\debug\control_.8808909c.tlog\link.5924-cvtres.write.1.tlog
d:\descargas\control_inventario_implementos\control_inventario_implementos\control_inventario_implementos\x64\debug\control_.8808909c.tlog\link.5924-rc.read.1.tlog
d:\descargas\control_inventario_implementos\control_inventario_implementos\control_inventario_implementos\x64\debug\control_.8808909c.tlog\link.5924-rc.write.1.tlog
d:\descargas\control_inventario_implementos\control_inventario_implementos\control_inventario_implementos\x64\debug\control_.8808909c.tlog\link.5924.read.1.tlog
d:\descargas\control_inventario_implementos\control_inventario_implementos\control_inventario_implementos\x64\debug\control_.8808909c.tlog\link.5924.read.2.tlog
d:\descargas\control_inventario_implementos\control_inventario_implementos\control_inventario_implementos\x64\debug\control_.8808909c.tlog\link.5924.write.1.tlog
d:\descargas\control_inventario_implementos\control_inventario_implementos\control_inventario_implementos\x64\debug\control_.8808909c.tlog\link.7896-cvtres.read.1.tlog
d:\descargas\control_inventario_implementos\control_inventario_implementos\control_inventario_implementos\x64\debug\control_.8808909c.tlog\link.7896-cvtres.write.1.tlog
d:\descargas\control_inventario_implementos\control_inventario_implementos\control_inventario_implementos\x64\debug\control_.8808909c.tlog\link.7896-rc.read.1.tlog
d:\descargas\control_inventario_implementos\control_inventario_implementos\control_inventario_implementos\x64\debug\control_.8808909c.tlog\link.7896-rc.write.1.tlog
d:\descargas\control_inventario_implementos\control_inventario_implementos\control_inventario_implementos\x64\debug\control_.8808909c.tlog\link.7896.read.1.tlog
d:\descargas\control_inventario_implementos\control_inventario_implementos\control_inventario_implementos\x64\debug\control_.8808909c.tlog\link.7896.read.2.tlog
d:\descargas\control_inventario_implementos\control_inventario_implementos\control_inventario_implementos\x64\debug\control_.8808909c.tlog\link.7896.write.1.tlog
d:\descargas\control_inventario_implementos\control_inventario_implementos\control_inventario_implementos\x64\debug\control_.8808909c.tlog\link.7952-cvtres.read.1.tlog
d:\descargas\control_inventario_implementos\control_inventario_implementos\control_inventario_implementos\x64\debug\control_.8808909c.tlog\link.7952-cvtres.write.1.tlog
d:\descargas\control_inventario_implementos\control_inventario_implementos\control_inventario_implementos\x64\debug\control_.8808909c.tlog\link.7952-rc.read.1.tlog
d:\descargas\control_inventario_implementos\control_inventario_implementos\control_inventario_implementos\x64\debug\control_.8808909c.tlog\link.7952-rc.write.1.tlog
d:\descargas\control_inventario_implementos\control_inventario_implementos\control_inventario_implementos\x64\debug\control_.8808909c.tlog\link.7952.read.1.tlog
d:\descargas\control_inventario_implementos\control_inventario_implementos\control_inventario_implementos\x64\debug\control_.8808909c.tlog\link.7952.read.2.tlog
d:\descargas\control_inventario_implementos\control_inventario_implementos\control_inventario_implementos\x64\debug\control_.8808909c.tlog\link.7952.write.1.tlog
d:\descargas\control_inventario_implementos\control_inventario_implementos\control_inventario_implementos\x64\debug\control_.8808909c.tlog\link.command.1.tlog
d:\descargas\control_inventario_implementos\control_inventario_implementos\control_inventario_implementos\x64\debug\control_.8808909c.tlog\link.read.1.tlog
d:\descargas\control_inventario_implementos\control_inventario_implementos\control_inventario_implementos\x64\debug\control_.8808909c.tlog\link.read.2.tlog
d:\descargas\control_inventario_implementos\control_inventario_implementos\control_inventario_implementos\x64\debug\control_.8808909c.tlog\link.write.1.tlog
d:\descargas\control_inventario_implementos\control_inventario_implementos\control_inventario_implementos\x64\debug\control_.8808909c.tlog\metagen.read.1.tlog
d:\descargas\control_inventario_implementos\control_inventario_implementos\control_inventario_implementos\x64\debug\control_.8808909c.tlog\metagen.write.1.tlog
d:\descargas\control_inventario_implementos\control_inventario_implementos\control_inventario_implementos\x64\debug\control_.8808909c.tlog\rc.command.1.tlog
d:\descargas\control_inventario_implementos\control_inventario_implementos\control_inventario_implementos\x64\debug\control_.8808909c.tlog\rc.read.1.tlog
d:\descargas\control_inventario_implementos\control_inventario_implementos\control_inventario_implementos\x64\debug\control_.8808909c.tlog\rc.write.1.tlog
d:\descargas\control_inventario_implementos\control_inventario_implementos\control_inventario_implementos\x64\debug\control_.8808909c.tlog\resgen.command.1.tlog
d:\descargas\control_inventario_implementos\control_inventario_implementos\control_inventario_implementos\x64\debug\control_.8808909c.tlog\resgen.read.1.tlog
d:\descargas\control_inventario_implementos\control_inventario_implementos\control_inventario_implementos\x64\debug\control_.8808909c.tlog\resgen.write.1.tlog
